[INFO] Scanning for projects...
[INFO] 
[INFO] ------------------< br.com.javadeweek:gestao-custos >-------------------
[INFO] Building  0.0.1-SNAPSHOT
[INFO]   from pom.xml
[INFO] --------------------------------[ jar ]---------------------------------
[INFO] 
[INFO] >>> spring-boot:4.0.5:run (default-cli) > test-compile @ gestao-custos >>>
[INFO] 
[INFO] --- resources:3.3.1:resources (default-resources) @ gestao-custos ---
[INFO] Copying 1 resource from src\main\resources to target\classes
[INFO] Copying 1 resource from src\main\resources to target\classes
[INFO] 
[INFO] --- compiler:3.14.1:compile (default-compile) @ gestao-custos ---
[INFO] Nothing to compile - all classes are up to date.
[INFO] 
[INFO] --- resources:3.3.1:testResources (default-testResources) @ gestao-custos ---
[INFO] skip non existing resourceDirectory C:\Users\costa\OneDrive\Documentos\projetos em Spring\gestao-custos\src\test\resources
[INFO] 
[INFO] --- compiler:3.14.1:testCompile (default-testCompile) @ gestao-custos ---
[INFO] Nothing to compile - all classes are up to date.
[INFO] 
[INFO] <<< spring-boot:4.0.5:run (default-cli) < test-compile @ gestao-custos <<<
[INFO] 
[INFO] 
[INFO] --- spring-boot:4.0.5:run (default-cli) @ gestao-custos ---
[INFO] Attaching agents: []

  .   ____          _            __ _ _
 /\\ / ___'_ __ _ _(_)_ __  __ _ \ \ \ \
( ( )\___ | '_ | '_| | '_ \/ _` | \ \ \ \
 \\/  ___)| |_)| | | | | || (_| |  ) ) ) )
  '  |____| .__|_| |_|_| |_\__, | / / / /
 =========|_|==============|___/=/_/_/_/

 :: Spring Boot ::                (v4.0.5)

2026-04-04T22:19:05.933-03:00  INFO 14472 --- [gestao-custos] [  restartedMain] b.c.j.g.GestaoCustosApplication          : Starting GestaoCustosApplication using Java 25.0.2 with PID 14472 (C:\Users\costa\OneDrive\Documentos\projetos em Spring\gestao-custos\target\classes started by Alisson in C:\Users\costa\OneDrive\Documentos\projetos em Spring\gestao-custos)
2026-04-04T22:19:05.937-03:00  INFO 14472 --- [gestao-custos] [  restartedMain] b.c.j.g.GestaoCustosApplication          : No active profile set, falling back to 1 default profile: "default"
2026-04-04T22:19:05.989-03:00  INFO 14472 --- [gestao-custos] [  restartedMain] .e.DevToolsPropertyDefaultsPostProcessor : Devtools property defaults active! Set 'spring.devtools.add-properties' to 'false' to disable
2026-04-04T22:19:05.990-03:00  INFO 14472 --- [gestao-custos] [  restartedMain] .e.DevToolsPropertyDefaultsPostProcessor : For additional web related logging consider setting the 'logging.level.web' property to 'DEBUG'
2026-04-04T22:19:06.585-03:00  INFO 14472 --- [gestao-custos] [  restartedMain] .s.d.r.c.RepositoryConfigurationDelegate : Bootstrapping Spring Data JPA repositories in DEFAULT mode.
2026-04-04T22:19:06.605-03:00  INFO 14472 --- [gestao-custos] [  restartedMain] .s.d.r.c.RepositoryConfigurationDelegate : Finished Spring Data repository scanning in 11 ms. Found 0 JPA repository interfaces.
2026-04-04T22:19:07.087-03:00  INFO 14472 --- [gestao-custos] [  restartedMain] o.s.boot.tomcat.TomcatWebServer          : Tomcat initialized with port 8080 (http)
2026-04-04T22:19:07.101-03:00  INFO 14472 --- [gestao-custos] [  restartedMain] o.apache.catalina.core.StandardService   : Starting service [Tomcat]
2026-04-04T22:19:07.101-03:00  INFO 14472 --- [gestao-custos] [  restartedMain] o.apache.catalina.core.StandardEngine    : Starting Servlet engine: [Apache Tomcat/11.0.20]
2026-04-04T22:19:07.147-03:00  INFO 14472 --- [gestao-custos] [  restartedMain] b.w.c.s.WebApplicationContextInitializer : Root WebApplicationContext: initialization completed in 1157 ms
2026-04-04T22:19:07.287-03:00  INFO 14472 --- [gestao-custos] [  restartedMain] com.zaxxer.hikari.HikariDataSource       : HikariPool-1 - Starting...
2026-04-04T22:19:07.525-03:00  INFO 14472 --- [gestao-custos] [  restartedMain] com.zaxxer.hikari.pool.HikariPool        : HikariPool-1 - Added connection conn0: url=jdbc:h2:mem:2dfc8d57-5013-4f54-9161-3494d35aaeab user=SA
2026-04-04T22:19:07.527-03:00  INFO 14472 --- [gestao-custos] [  restartedMain] com.zaxxer.hikari.HikariDataSource       : HikariPool-1 - Start completed.
2026-04-04T22:19:07.567-03:00  INFO 14472 --- [gestao-custos] [  restartedMain] org.hibernate.orm.jpa                    : HHH008540: Processing PersistenceUnitInfo [name: default]
2026-04-04T22:19:07.623-03:00  INFO 14472 --- [gestao-custos] [  restartedMain] org.hibernate.orm.core                   : HHH000001: Hibernate ORM core version 7.2.7.Final
2026-04-04T22:19:08.144-03:00  INFO 14472 --- [gestao-custos] [  restartedMain] o.s.o.j.p.SpringPersistenceUnitInfo      : No LoadTimeWeaver setup: ignoring JPA class transformer
2026-04-04T22:19:08.223-03:00  INFO 14472 --- [gestao-custos] [  restartedMain] org.hibernate.orm.connections.pooling    : HHH10001005: Database info:
	Database JDBC URL [jdbc:h2:mem:2dfc8d57-5013-4f54-9161-3494d35aaeab]
	Database driver: H2 JDBC Driver
	Database dialect: H2Dialect
	Database version: 2.4.240
	Default catalog/schema: 2DFC8D57-5013-4F54-9161-3494D35AAEAB/PUBLIC
	Autocommit mode: undefined/unknown
	Isolation level: READ_COMMITTED [default READ_COMMITTED]
	JDBC fetch size: 100
	Pool: DataSourceConnectionProvider
	Minimum pool size: undefined/unknown
	Maximum pool size: undefined/unknown
2026-04-04T22:19:08.805-03:00  INFO 14472 --- [gestao-custos] [  restartedMain] org.hibernate.orm.core                   : HHH000489: No JTA platform available (set 'hibernate.transaction.jta.platform' to enable JTA platform integration)
2026-04-04T22:19:08.818-03:00  INFO 14472 --- [gestao-custos] [  restartedMain] j.LocalContainerEntityManagerFactoryBean : Initialized JPA EntityManagerFactory for persistence unit 'default'
2026-04-04T22:19:08.899-03:00  WARN 14472 --- [gestao-custos] [  restartedMain] JpaBaseConfiguration$JpaWebConfiguration : spring.jpa.open-in-view is enabled by default. Therefore, database queries may be performed during view rendering. Explicitly configure spring.jpa.open-in-view to disable this warning
2026-04-04T22:19:09.321-03:00  WARN 14472 --- [gestao-custos] [  restartedMain] o.s.b.d.a.OptionalLiveReloadServer       : Unable to start LiveReload server
2026-04-04T22:19:09.326-03:00  INFO 14472 --- [gestao-custos] [  restartedMain] o.s.b.h.a.H2ConsoleAutoConfiguration     : H2 console available at '/h2-console'. Database available at 'jdbc:h2:mem:2dfc8d57-5013-4f54-9161-3494d35aaeab'
2026-04-04T22:19:09.373-03:00  WARN 14472 --- [gestao-custos] [  restartedMain] ConfigServletWebServerApplicationContext : Exception encountered during context initialization - cancelling refresh attempt: org.springframework.context.ApplicationContextException: Failed to start bean 'webServerStartStop'
2026-04-04T22:19:09.376-03:00  INFO 14472 --- [gestao-custos] [  restartedMain] j.LocalContainerEntityManagerFactoryBean : Closing JPA EntityManagerFactory for persistence unit 'default'
2026-04-04T22:19:09.383-03:00  WARN 14472 --- [gestao-custos] [  restartedMain] o.s.b.f.support.DisposableBeanAdapter    : Invocation of destroy method failed on bean with name 'inMemoryDatabaseShutdownExecutor': org.h2.jdbc.JdbcSQLNonTransientConnectionException: Database is already closed (to disable automatic closing at VM shutdown, add ";DB_CLOSE_ON_EXIT=FALSE" to the db URL) [90121-240]
2026-04-04T22:19:09.383-03:00  INFO 14472 --- [gestao-custos] [  restartedMain] com.zaxxer.hikari.HikariDataSource       : HikariPool-1 - Shutdown initiated...
2026-04-04T22:19:09.385-03:00  INFO 14472 --- [gestao-custos] [  restartedMain] com.zaxxer.hikari.HikariDataSource       : HikariPool-1 - Shutdown completed.
2026-04-04T22:19:09.398-03:00  INFO 14472 --- [gestao-custos] [  restartedMain] .s.b.a.l.ConditionEvaluationReportLogger : 

Error starting ApplicationContext. To display the condition evaluation report re-run your application with 'debug' enabled.
2026-04-04T22:19:09.417-03:00 ERROR 14472 --- [gestao-custos] [  restartedMain] o.s.b.d.LoggingFailureAnalysisReporter   : 

***************************
APPLICATION FAILED TO START
***************************

Description:

Web server failed to start. Port 8080 was already in use.

Action:

Identify and stop the process that's listening on port 8080 or configure this application to listen on another port.

[INFO] ------------------------------------------------------------------------
[INFO] BUILD SUCCESS
[INFO] ------------------------------------------------------------------------
[INFO] Total time:  7.115 s
[INFO] Finished at: 2026-04-04T22:19:09-03:00
[INFO] ------------------------------------------------------------------------
