[INFO] Scanning for projects...
[INFO] 
[INFO] ------------------< br.com.javadeweek:gestao-custos >-------------------
[INFO] Building  0.0.1-SNAPSHOT
[INFO]   from pom.xml
[INFO] --------------------------------[ jar ]---------------------------------
[INFO] 
[INFO] >>> spring-boot:4.0.5:run (default-cli) > test-compile @ gestao-custos >>>
[INFO] 
[INFO] --- resources:3.3.1:resources (default-resources) @ gestao-custos ---
[INFO] Copying 1 resource from src\main\resources to target\classes
[INFO] Copying 0 resource from src\main\resources to target\classes
[INFO] 
[INFO] --- compiler:3.14.1:compile (default-compile) @ gestao-custos ---
[INFO] Nothing to compile - all classes are up to date.
[INFO] 
[INFO] --- resources:3.3.1:testResources (default-testResources) @ gestao-custos ---
[INFO] skip non existing resourceDirectory C:\Users\costa\OneDrive\Documentos\projetos em Spring\gestao-custos\src\test\resources
[INFO] 
[INFO] --- compiler:3.14.1:testCompile (default-testCompile) @ gestao-custos ---
[INFO] Nothing to compile - all classes are up to date.
[INFO] 
[INFO] <<< spring-boot:4.0.5:run (default-cli) < test-compile @ gestao-custos <<<
[INFO] 
[INFO] 
[INFO] --- spring-boot:4.0.5:run (default-cli) @ gestao-custos ---
[INFO] Attaching agents: []

  .   ____          _            __ _ _
 /\\ / ___'_ __ _ _(_)_ __  __ _ \ \ \ \
( ( )\___ | '_ | '_| | '_ \/ _` | \ \ \ \
 \\/  ___)| |_)| | | | | || (_| |  ) ) ) )
  '  |____| .__|_| |_|_| |_\__, | / / / /
 =========|_|==============|___/=/_/_/_/

 :: Spring Boot ::                (v4.0.5)

2026-04-04T22:21:32.718-03:00  INFO 18192 --- [gestao-custos] [  restartedMain] b.c.j.g.GestaoCustosApplication          : Starting GestaoCustosApplication using Java 25.0.2 with PID 18192 (C:\Users\costa\OneDrive\Documentos\projetos em Spring\gestao-custos\target\classes started by Alisson in C:\Users\costa\OneDrive\Documentos\projetos em Spring\gestao-custos)
2026-04-04T22:21:32.721-03:00  INFO 18192 --- [gestao-custos] [  restartedMain] b.c.j.g.GestaoCustosApplication          : No active profile set, falling back to 1 default profile: "default"
2026-04-04T22:21:32.770-03:00  INFO 18192 --- [gestao-custos] [  restartedMain] .e.DevToolsPropertyDefaultsPostProcessor : Devtools property defaults active! Set 'spring.devtools.add-properties' to 'false' to disable
2026-04-04T22:21:32.770-03:00  INFO 18192 --- [gestao-custos] [  restartedMain] .e.DevToolsPropertyDefaultsPostProcessor : For additional web related logging consider setting the 'logging.level.web' property to 'DEBUG'
2026-04-04T22:21:33.314-03:00  INFO 18192 --- [gestao-custos] [  restartedMain] .s.d.r.c.RepositoryConfigurationDelegate : Bootstrapping Spring Data JPA repositories in DEFAULT mode.
2026-04-04T22:21:33.332-03:00  INFO 18192 --- [gestao-custos] [  restartedMain] .s.d.r.c.RepositoryConfigurationDelegate : Finished Spring Data repository scanning in 10 ms. Found 0 JPA repository interfaces.
2026-04-04T22:21:33.775-03:00  INFO 18192 --- [gestao-custos] [  restartedMain] o.s.boot.tomcat.TomcatWebServer          : Tomcat initialized with port 9090 (http)
2026-04-04T22:21:33.788-03:00  INFO 18192 --- [gestao-custos] [  restartedMain] o.apache.catalina.core.StandardService   : Starting service [Tomcat]
2026-04-04T22:21:33.788-03:00  INFO 18192 --- [gestao-custos] [  restartedMain] o.apache.catalina.core.StandardEngine    : Starting Servlet engine: [Apache Tomcat/11.0.20]
2026-04-04T22:21:33.835-03:00  INFO 18192 --- [gestao-custos] [  restartedMain] b.w.c.s.WebApplicationContextInitializer : Root WebApplicationContext: initialization completed in 1064 ms
2026-04-04T22:21:33.959-03:00  INFO 18192 --- [gestao-custos] [  restartedMain] com.zaxxer.hikari.HikariDataSource       : HikariPool-1 - Starting...
2026-04-04T22:21:34.123-03:00  INFO 18192 --- [gestao-custos] [  restartedMain] com.zaxxer.hikari.pool.HikariPool        : HikariPool-1 - Added connection conn0: url=jdbc:h2:mem:c977df48-f1ec-418c-abaa-de6a2cc5987b user=SA
2026-04-04T22:21:34.125-03:00  INFO 18192 --- [gestao-custos] [  restartedMain] com.zaxxer.hikari.HikariDataSource       : HikariPool-1 - Start completed.
2026-04-04T22:21:34.162-03:00  INFO 18192 --- [gestao-custos] [  restartedMain] org.hibernate.orm.jpa                    : HHH008540: Processing PersistenceUnitInfo [name: default]
2026-04-04T22:21:34.208-03:00  INFO 18192 --- [gestao-custos] [  restartedMain] org.hibernate.orm.core                   : HHH000001: Hibernate ORM core version 7.2.7.Final
2026-04-04T22:21:34.639-03:00  INFO 18192 --- [gestao-custos] [  restartedMain] o.s.o.j.p.SpringPersistenceUnitInfo      : No LoadTimeWeaver setup: ignoring JPA class transformer
2026-04-04T22:21:34.709-03:00  INFO 18192 --- [gestao-custos] [  restartedMain] org.hibernate.orm.connections.pooling    : HHH10001005: Database info:
	Database JDBC URL [jdbc:h2:mem:c977df48-f1ec-418c-abaa-de6a2cc5987b]
	Database driver: H2 JDBC Driver
	Database dialect: H2Dialect
	Database version: 2.4.240
	Default catalog/schema: C977DF48-F1EC-418C-ABAA-DE6A2CC5987B/PUBLIC
	Autocommit mode: undefined/unknown
	Isolation level: READ_COMMITTED [default READ_COMMITTED]
	JDBC fetch size: 100
	Pool: DataSourceConnectionProvider
	Minimum pool size: undefined/unknown
	Maximum pool size: undefined/unknown
2026-04-04T22:21:35.047-03:00  INFO 18192 --- [gestao-custos] [  restartedMain] org.hibernate.orm.core                   : HHH000489: No JTA platform available (set 'hibernate.transaction.jta.platform' to enable JTA platform integration)
2026-04-04T22:21:35.055-03:00  INFO 18192 --- [gestao-custos] [  restartedMain] j.LocalContainerEntityManagerFactoryBean : Initialized JPA EntityManagerFactory for persistence unit 'default'
2026-04-04T22:21:35.104-03:00  WARN 18192 --- [gestao-custos] [  restartedMain] JpaBaseConfiguration$JpaWebConfiguration : spring.jpa.open-in-view is enabled by default. Therefore, database queries may be performed during view rendering. Explicitly configure spring.jpa.open-in-view to disable this warning
2026-04-04T22:21:35.356-03:00  WARN 18192 --- [gestao-custos] [  restartedMain] o.s.b.d.a.OptionalLiveReloadServer       : Unable to start LiveReload server
2026-04-04T22:21:35.359-03:00  INFO 18192 --- [gestao-custos] [  restartedMain] o.s.b.h.a.H2ConsoleAutoConfiguration     : H2 console available at '/h2-console'. Database available at 'jdbc:h2:mem:c977df48-f1ec-418c-abaa-de6a2cc5987b'
2026-04-04T22:21:35.403-03:00  INFO 18192 --- [gestao-custos] [  restartedMain] o.s.boot.tomcat.TomcatWebServer          : Tomcat started on port 9090 (http) with context path '/'
2026-04-04T22:21:35.408-03:00  INFO 18192 --- [gestao-custos] [  restartedMain] b.c.j.g.GestaoCustosApplication          : Started GestaoCustosApplication in 3.038 seconds (process running for 3.474)
2026-04-04T22:21:44.776-03:00  INFO 18192 --- [gestao-custos] [   File Watcher] rtingClassPathChangeChangedEventListener : Restarting due to 1 class path change (0 additions, 1 deletion, 0 modifications)
2026-04-04T22:21:44.781-03:00  INFO 18192 --- [gestao-custos] [       Thread-1] o.s.boot.tomcat.GracefulShutdown         : Commencing graceful shutdown. Waiting for active requests to complete
2026-04-04T22:21:44.787-03:00  INFO 18192 --- [gestao-custos] [tomcat-shutdown] o.s.boot.tomcat.GracefulShutdown         : Graceful shutdown complete
2026-04-04T22:21:44.790-03:00  INFO 18192 --- [gestao-custos] [       Thread-1] j.LocalContainerEntityManagerFactoryBean : Closing JPA EntityManagerFactory for persistence unit 'default'
2026-04-04T22:21:44.796-03:00  WARN 18192 --- [gestao-custos] [       Thread-1] o.s.b.f.support.DisposableBeanAdapter    : Invocation of destroy method failed on bean with name 'inMemoryDatabaseShutdownExecutor': org.h2.jdbc.JdbcSQLNonTransientConnectionException: Database is already closed (to disable automatic closing at VM shutdown, add ";DB_CLOSE_ON_EXIT=FALSE" to the db URL) [90121-240]
2026-04-04T22:21:44.797-03:00  INFO 18192 --- [gestao-custos] [       Thread-1] com.zaxxer.hikari.HikariDataSource       : HikariPool-1 - Shutdown initiated...
2026-04-04T22:21:44.799-03:00  INFO 18192 --- [gestao-custos] [       Thread-1] com.zaxxer.hikari.HikariDataSource       : HikariPool-1 - Shutdown completed.

  .   ____          _            __ _ _
 /\\ / ___'_ __ _ _(_)_ __  __ _ \ \ \ \
( ( )\___ | '_ | '_| | '_ \/ _` | \ \ \ \
 \\/  ___)| |_)| | | | | || (_| |  ) ) ) )
  '  |____| .__|_| |_|_| |_\__, | / / / /
 =========|_|==============|___/=/_/_/_/

 :: Spring Boot ::                (v4.0.5)

2026-04-04T22:21:44.884-03:00  INFO 18192 --- [gestao-custos] [  restartedMain] b.c.j.g.GestaoCustosApplication          : Starting GestaoCustosApplication using Java 25.0.2 with PID 18192 (C:\Users\costa\OneDrive\Documentos\projetos em Spring\gestao-custos\target\classes started by Alisson in C:\Users\costa\OneDrive\Documentos\projetos em Spring\gestao-custos)
2026-04-04T22:21:44.884-03:00  INFO 18192 --- [gestao-custos] [  restartedMain] b.c.j.g.GestaoCustosApplication          : No active profile set, falling back to 1 default profile: "default"
2026-04-04T22:21:45.105-03:00  INFO 18192 --- [gestao-custos] [  restartedMain] .s.d.r.c.RepositoryConfigurationDelegate : Bootstrapping Spring Data JPA repositories in DEFAULT mode.
2026-04-04T22:21:45.109-03:00  INFO 18192 --- [gestao-custos] [  restartedMain] .s.d.r.c.RepositoryConfigurationDelegate : Finished Spring Data repository scanning in 1 ms. Found 0 JPA repository interfaces.
2026-04-04T22:21:45.189-03:00  INFO 18192 --- [gestao-custos] [  restartedMain] o.s.boot.tomcat.TomcatWebServer          : Tomcat initialized with port 9090 (http)
2026-04-04T22:21:45.190-03:00  INFO 18192 --- [gestao-custos] [  restartedMain] o.apache.catalina.core.StandardService   : Starting service [Tomcat]
2026-04-04T22:21:45.190-03:00  INFO 18192 --- [gestao-custos] [  restartedMain] o.apache.catalina.core.StandardEngine    : Starting Servlet engine: [Apache Tomcat/11.0.20]
2026-04-04T22:21:45.210-03:00  INFO 18192 --- [gestao-custos] [  restartedMain] b.w.c.s.WebApplicationContextInitializer : Root WebApplicationContext: initialization completed in 322 ms
2026-04-04T22:21:45.245-03:00  INFO 18192 --- [gestao-custos] [  restartedMain] com.zaxxer.hikari.HikariDataSource       : HikariPool-2 - Starting...
2026-04-04T22:21:45.250-03:00  INFO 18192 --- [gestao-custos] [  restartedMain] com.zaxxer.hikari.pool.HikariPool        : HikariPool-2 - Added connection conn10: url=jdbc:h2:mem:ae1f9dca-6fbb-4a4c-ac3a-291b977e7294 user=SA
2026-04-04T22:21:45.251-03:00  INFO 18192 --- [gestao-custos] [  restartedMain] com.zaxxer.hikari.HikariDataSource       : HikariPool-2 - Start completed.
2026-04-04T22:21:45.252-03:00  INFO 18192 --- [gestao-custos] [  restartedMain] org.hibernate.orm.jpa                    : HHH008540: Processing PersistenceUnitInfo [name: default]
2026-04-04T22:21:45.287-03:00  INFO 18192 --- [gestao-custos] [  restartedMain] o.s.o.j.p.SpringPersistenceUnitInfo      : No LoadTimeWeaver setup: ignoring JPA class transformer
2026-04-04T22:21:45.289-03:00  INFO 18192 --- [gestao-custos] [  restartedMain] org.hibernate.orm.connections.pooling    : HHH10001005: Database info:
	Database JDBC URL [jdbc:h2:mem:ae1f9dca-6fbb-4a4c-ac3a-291b977e7294]
	Database driver: H2 JDBC Driver
	Database dialect: H2Dialect
	Database version: 2.4.240
	Default catalog/schema: AE1F9DCA-6FBB-4A4C-AC3A-291B977E7294/PUBLIC
	Autocommit mode: undefined/unknown
	Isolation level: READ_COMMITTED [default READ_COMMITTED]
	JDBC fetch size: 100
	Pool: DataSourceConnectionProvider
	Minimum pool size: undefined/unknown
	Maximum pool size: undefined/unknown
2026-04-04T22:21:45.308-03:00  INFO 18192 --- [gestao-custos] [  restartedMain] org.hibernate.orm.core                   : HHH000489: No JTA platform available (set 'hibernate.transaction.jta.platform' to enable JTA platform integration)
2026-04-04T22:21:45.309-03:00  INFO 18192 --- [gestao-custos] [  restartedMain] j.LocalContainerEntityManagerFactoryBean : Initialized JPA EntityManagerFactory for persistence unit 'default'
2026-04-04T22:21:45.342-03:00  WARN 18192 --- [gestao-custos] [  restartedMain] JpaBaseConfiguration$JpaWebConfiguration : spring.jpa.open-in-view is enabled by default. Therefore, database queries may be performed during view rendering. Explicitly configure spring.jpa.open-in-view to disable this warning
2026-04-04T22:21:45.427-03:00  WARN 18192 --- [gestao-custos] [  restartedMain] o.s.b.d.a.OptionalLiveReloadServer       : Unable to start LiveReload server
2026-04-04T22:21:45.429-03:00  INFO 18192 --- [gestao-custos] [  restartedMain] o.s.b.h.a.H2ConsoleAutoConfiguration     : H2 console available at '/h2-console'. Database available at 'jdbc:h2:mem:ae1f9dca-6fbb-4a4c-ac3a-291b977e7294'
2026-04-04T22:21:45.444-03:00  INFO 18192 --- [gestao-custos] [  restartedMain] o.s.boot.tomcat.TomcatWebServer          : Tomcat started on port 9090 (http) with context path '/'
2026-04-04T22:21:45.446-03:00  INFO 18192 --- [gestao-custos] [  restartedMain] b.c.j.g.GestaoCustosApplication          : Started GestaoCustosApplication in 0.589 seconds (process running for 13.512)
2026-04-04T22:21:45.449-03:00  INFO 18192 --- [gestao-custos] [  restartedMain] .ConditionEvaluationDeltaLoggingListener : Condition evaluation unchanged
2026-04-04T22:21:52.853-03:00  INFO 18192 --- [gestao-custos] [   File Watcher] rtingClassPathChangeChangedEventListener : Restarting due to 1 class path change (0 additions, 1 deletion, 0 modifications)
2026-04-04T22:21:52.854-03:00  INFO 18192 --- [gestao-custos] [       Thread-5] o.s.boot.tomcat.GracefulShutdown         : Commencing graceful shutdown. Waiting for active requests to complete
2026-04-04T22:21:52.858-03:00  INFO 18192 --- [gestao-custos] [tomcat-shutdown] o.s.boot.tomcat.GracefulShutdown         : Graceful shutdown complete
2026-04-04T22:21:52.860-03:00  INFO 18192 --- [gestao-custos] [       Thread-5] j.LocalContainerEntityManagerFactoryBean : Closing JPA EntityManagerFactory for persistence unit 'default'
2026-04-04T22:21:52.862-03:00  WARN 18192 --- [gestao-custos] [       Thread-5] o.s.b.f.support.DisposableBeanAdapter    : Invocation of destroy method failed on bean with name 'inMemoryDatabaseShutdownExecutor': org.h2.jdbc.JdbcSQLNonTransientConnectionException: Database is already closed (to disable automatic closing at VM shutdown, add ";DB_CLOSE_ON_EXIT=FALSE" to the db URL) [90121-240]
2026-04-04T22:21:52.862-03:00  INFO 18192 --- [gestao-custos] [       Thread-5] com.zaxxer.hikari.HikariDataSource       : HikariPool-2 - Shutdown initiated...
2026-04-04T22:21:52.863-03:00  INFO 18192 --- [gestao-custos] [       Thread-5] com.zaxxer.hikari.HikariDataSource       : HikariPool-2 - Shutdown completed.

  .   ____          _            __ _ _
 /\\ / ___'_ __ _ _(_)_ __  __ _ \ \ \ \
( ( )\___ | '_ | '_| | '_ \/ _` | \ \ \ \
 \\/  ___)| |_)| | | | | || (_| |  ) ) ) )
  '  |____| .__|_| |_|_| |_\__, | / / / /
 =========|_|==============|___/=/_/_/_/

 :: Spring Boot ::                (v4.0.5)

2026-04-04T22:21:52.976-03:00  INFO 18192 --- [gestao-custos] [  restartedMain] b.c.j.g.GestaoCustosApplication          : Starting GestaoCustosApplication using Java 25.0.2 with PID 18192 (C:\Users\costa\OneDrive\Documentos\projetos em Spring\gestao-custos\target\classes started by Alisson in C:\Users\costa\OneDrive\Documentos\projetos em Spring\gestao-custos)
2026-04-04T22:21:52.976-03:00  INFO 18192 --- [gestao-custos] [  restartedMain] b.c.j.g.GestaoCustosApplication          : No active profile set, falling back to 1 default profile: "default"
2026-04-04T22:21:53.410-03:00  INFO 18192 --- [gestao-custos] [  restartedMain] .s.d.r.c.RepositoryConfigurationDelegate : Bootstrapping Spring Data JPA repositories in DEFAULT mode.
2026-04-04T22:21:53.417-03:00  INFO 18192 --- [gestao-custos] [  restartedMain] .s.d.r.c.RepositoryConfigurationDelegate : Finished Spring Data repository scanning in 4 ms. Found 0 JPA repository interfaces.
2026-04-04T22:21:53.565-03:00  INFO 18192 --- [gestao-custos] [  restartedMain] o.s.boot.tomcat.TomcatWebServer          : Tomcat initialized with port 9090 (http)
2026-04-04T22:21:53.567-03:00  INFO 18192 --- [gestao-custos] [  restartedMain] o.apache.catalina.core.StandardService   : Starting service [Tomcat]
2026-04-04T22:21:53.567-03:00  INFO 18192 --- [gestao-custos] [  restartedMain] o.apache.catalina.core.StandardEngine    : Starting Servlet engine: [Apache Tomcat/11.0.20]
2026-04-04T22:21:53.598-03:00  INFO 18192 --- [gestao-custos] [  restartedMain] b.w.c.s.WebApplicationContextInitializer : Root WebApplicationContext: initialization completed in 617 ms
2026-04-04T22:21:53.658-03:00  INFO 18192 --- [gestao-custos] [  restartedMain] com.zaxxer.hikari.HikariDataSource       : HikariPool-3 - Starting...
2026-04-04T22:21:53.667-03:00  INFO 18192 --- [gestao-custos] [  restartedMain] com.zaxxer.hikari.pool.HikariPool        : HikariPool-3 - Added connection conn20: url=jdbc:h2:mem:4f9d4925-82df-4b00-90e1-c91963a73131 user=SA
2026-04-04T22:21:53.667-03:00  INFO 18192 --- [gestao-custos] [  restartedMain] com.zaxxer.hikari.HikariDataSource       : HikariPool-3 - Start completed.
2026-04-04T22:21:53.670-03:00  INFO 18192 --- [gestao-custos] [  restartedMain] org.hibernate.orm.jpa                    : HHH008540: Processing PersistenceUnitInfo [name: default]
2026-04-04T22:21:53.723-03:00  INFO 18192 --- [gestao-custos] [  restartedMain] o.s.o.j.p.SpringPersistenceUnitInfo      : No LoadTimeWeaver setup: ignoring JPA class transformer
2026-04-04T22:21:53.725-03:00  INFO 18192 --- [gestao-custos] [  restartedMain] org.hibernate.orm.connections.pooling    : HHH10001005: Database info:
	Database JDBC URL [jdbc:h2:mem:4f9d4925-82df-4b00-90e1-c91963a73131]
	Database driver: H2 JDBC Driver
	Database dialect: H2Dialect
	Database version: 2.4.240
	Default catalog/schema: 4F9D4925-82DF-4B00-90E1-C91963A73131/PUBLIC
	Autocommit mode: undefined/unknown
	Isolation level: READ_COMMITTED [default READ_COMMITTED]
	JDBC fetch size: 100
	Pool: DataSourceConnectionProvider
	Minimum pool size: undefined/unknown
	Maximum pool size: undefined/unknown
2026-04-04T22:21:53.745-03:00  INFO 18192 --- [gestao-custos] [  restartedMain] org.hibernate.orm.core                   : HHH000489: No JTA platform available (set 'hibernate.transaction.jta.platform' to enable JTA platform integration)
2026-04-04T22:21:53.746-03:00  INFO 18192 --- [gestao-custos] [  restartedMain] j.LocalContainerEntityManagerFactoryBean : Initialized JPA EntityManagerFactory for persistence unit 'default'
2026-04-04T22:21:53.806-03:00  WARN 18192 --- [gestao-custos] [  restartedMain] JpaBaseConfiguration$JpaWebConfiguration : spring.jpa.open-in-view is enabled by default. Therefore, database queries may be performed during view rendering. Explicitly configure spring.jpa.open-in-view to disable this warning
2026-04-04T22:21:53.959-03:00  WARN 18192 --- [gestao-custos] [  restartedMain] o.s.b.d.a.OptionalLiveReloadServer       : Unable to start LiveReload server
2026-04-04T22:21:53.964-03:00  INFO 18192 --- [gestao-custos] [  restartedMain] o.s.b.h.a.H2ConsoleAutoConfiguration     : H2 console available at '/h2-console'. Database available at 'jdbc:h2:mem:4f9d4925-82df-4b00-90e1-c91963a73131'
2026-04-04T22:21:53.985-03:00  INFO 18192 --- [gestao-custos] [  restartedMain] o.s.boot.tomcat.TomcatWebServer          : Tomcat started on port 9090 (http) with context path '/'
2026-04-04T22:21:53.990-03:00  INFO 18192 --- [gestao-custos] [  restartedMain] b.c.j.g.GestaoCustosApplication          : Started GestaoCustosApplication in 1.057 seconds (process running for 22.055)
2026-04-04T22:21:53.991-03:00  INFO 18192 --- [gestao-custos] [  restartedMain] .ConditionEvaluationDeltaLoggingListener : Condition evaluation unchanged
2026-04-04T22:21:55.372-03:00  INFO 18192 --- [gestao-custos] [   File Watcher] rtingClassPathChangeChangedEventListener : Restarting due to 1 class path change (1 addition, 0 deletions, 0 modifications)
2026-04-04T22:21:55.374-03:00  INFO 18192 --- [gestao-custos] [      Thread-10] o.s.boot.tomcat.GracefulShutdown         : Commencing graceful shutdown. Waiting for active requests to complete
2026-04-04T22:21:55.376-03:00  INFO 18192 --- [gestao-custos] [tomcat-shutdown] o.s.boot.tomcat.GracefulShutdown         : Graceful shutdown complete
2026-04-04T22:21:55.378-03:00  INFO 18192 --- [gestao-custos] [      Thread-10] j.LocalContainerEntityManagerFactoryBean : Closing JPA EntityManagerFactory for persistence unit 'default'
2026-04-04T22:21:55.379-03:00  WARN 18192 --- [gestao-custos] [      Thread-10] o.s.b.f.support.DisposableBeanAdapter    : Invocation of destroy method failed on bean with name 'inMemoryDatabaseShutdownExecutor': org.h2.jdbc.JdbcSQLNonTransientConnectionException: Database is already closed (to disable automatic closing at VM shutdown, add ";DB_CLOSE_ON_EXIT=FALSE" to the db URL) [90121-240]
2026-04-04T22:21:55.380-03:00  INFO 18192 --- [gestao-custos] [      Thread-10] com.zaxxer.hikari.HikariDataSource       : HikariPool-3 - Shutdown initiated...
2026-04-04T22:21:55.381-03:00  INFO 18192 --- [gestao-custos] [      Thread-10] com.zaxxer.hikari.HikariDataSource       : HikariPool-3 - Shutdown completed.

  .   ____          _            __ _ _
 /\\ / ___'_ __ _ _(_)_ __  __ _ \ \ \ \
( ( )\___ | '_ | '_| | '_ \/ _` | \ \ \ \
 \\/  ___)| |_)| | | | | || (_| |  ) ) ) )
  '  |____| .__|_| |_|_| |_\__, | / / / /
 =========|_|==============|___/=/_/_/_/

 :: Spring Boot ::                (v4.0.5)

2026-04-04T22:21:55.481-03:00  INFO 18192 --- [gestao-custos] [  restartedMain] b.c.j.g.GestaoCustosApplication          : Starting GestaoCustosApplication using Java 25.0.2 with PID 18192 (C:\Users\costa\OneDrive\Documentos\projetos em Spring\gestao-custos\target\classes started by Alisson in C:\Users\costa\OneDrive\Documentos\projetos em Spring\gestao-custos)
2026-04-04T22:21:55.484-03:00  INFO 18192 --- [gestao-custos] [  restartedMain] b.c.j.g.GestaoCustosApplication          : No active profile set, falling back to 1 default profile: "default"
2026-04-04T22:21:55.732-03:00  INFO 18192 --- [gestao-custos] [  restartedMain] .s.d.r.c.RepositoryConfigurationDelegate : Bootstrapping Spring Data JPA repositories in DEFAULT mode.
2026-04-04T22:21:55.735-03:00  INFO 18192 --- [gestao-custos] [  restartedMain] .s.d.r.c.RepositoryConfigurationDelegate : Finished Spring Data repository scanning in 1 ms. Found 0 JPA repository interfaces.
2026-04-04T22:21:55.838-03:00  INFO 18192 --- [gestao-custos] [  restartedMain] o.s.boot.tomcat.TomcatWebServer          : Tomcat initialized with port 9090 (http)
2026-04-04T22:21:55.840-03:00  INFO 18192 --- [gestao-custos] [  restartedMain] o.apache.catalina.core.StandardService   : Starting service [Tomcat]
2026-04-04T22:21:55.841-03:00  INFO 18192 --- [gestao-custos] [  restartedMain] o.apache.catalina.core.StandardEngine    : Starting Servlet engine: [Apache Tomcat/11.0.20]
2026-04-04T22:21:55.870-03:00  INFO 18192 --- [gestao-custos] [  restartedMain] b.w.c.s.WebApplicationContextInitializer : Root WebApplicationContext: initialization completed in 380 ms
2026-04-04T22:21:55.914-03:00  INFO 18192 --- [gestao-custos] [  restartedMain] com.zaxxer.hikari.HikariDataSource       : HikariPool-4 - Starting...
2026-04-04T22:21:55.917-03:00  INFO 18192 --- [gestao-custos] [  restartedMain] com.zaxxer.hikari.pool.HikariPool        : HikariPool-4 - Added connection conn30: url=jdbc:h2:mem:a4f01716-3a7f-4fb6-9e3e-ca1b5688f2dc user=SA
2026-04-04T22:21:55.917-03:00  INFO 18192 --- [gestao-custos] [  restartedMain] com.zaxxer.hikari.HikariDataSource       : HikariPool-4 - Start completed.
2026-04-04T22:21:55.918-03:00  INFO 18192 --- [gestao-custos] [  restartedMain] org.hibernate.orm.jpa                    : HHH008540: Processing PersistenceUnitInfo [name: default]
2026-04-04T22:21:55.959-03:00  INFO 18192 --- [gestao-custos] [  restartedMain] o.s.o.j.p.SpringPersistenceUnitInfo      : No LoadTimeWeaver setup: ignoring JPA class transformer
2026-04-04T22:21:55.962-03:00  INFO 18192 --- [gestao-custos] [  restartedMain] org.hibernate.orm.connections.pooling    : HHH10001005: Database info:
	Database JDBC URL [jdbc:h2:mem:a4f01716-3a7f-4fb6-9e3e-ca1b5688f2dc]
	Database driver: H2 JDBC Driver
	Database dialect: H2Dialect
	Database version: 2.4.240
	Default catalog/schema: A4F01716-3A7F-4FB6-9E3E-CA1B5688F2DC/PUBLIC
	Autocommit mode: undefined/unknown
	Isolation level: READ_COMMITTED [default READ_COMMITTED]
	JDBC fetch size: 100
	Pool: DataSourceConnectionProvider
	Minimum pool size: undefined/unknown
	Maximum pool size: undefined/unknown
2026-04-04T22:21:55.981-03:00  INFO 18192 --- [gestao-custos] [  restartedMain] org.hibernate.orm.core                   : HHH000489: No JTA platform available (set 'hibernate.transaction.jta.platform' to enable JTA platform integration)
2026-04-04T22:21:55.982-03:00  INFO 18192 --- [gestao-custos] [  restartedMain] j.LocalContainerEntityManagerFactoryBean : Initialized JPA EntityManagerFactory for persistence unit 'default'
2026-04-04T22:21:56.010-03:00  WARN 18192 --- [gestao-custos] [  restartedMain] JpaBaseConfiguration$JpaWebConfiguration : spring.jpa.open-in-view is enabled by default. Therefore, database queries may be performed during view rendering. Explicitly configure spring.jpa.open-in-view to disable this warning
2026-04-04T22:21:56.076-03:00  WARN 18192 --- [gestao-custos] [  restartedMain] o.s.b.d.a.OptionalLiveReloadServer       : Unable to start LiveReload server
2026-04-04T22:21:56.077-03:00  INFO 18192 --- [gestao-custos] [  restartedMain] o.s.b.h.a.H2ConsoleAutoConfiguration     : H2 console available at '/h2-console'. Database available at 'jdbc:h2:mem:a4f01716-3a7f-4fb6-9e3e-ca1b5688f2dc'
2026-04-04T22:21:56.089-03:00  INFO 18192 --- [gestao-custos] [  restartedMain] o.s.boot.tomcat.TomcatWebServer          : Tomcat started on port 9090 (http) with context path '/'
2026-04-04T22:21:56.092-03:00  INFO 18192 --- [gestao-custos] [  restartedMain] b.c.j.g.GestaoCustosApplication          : Started GestaoCustosApplication in 0.648 seconds (process running for 24.158)
2026-04-04T22:21:56.093-03:00  INFO 18192 --- [gestao-custos] [  restartedMain] .ConditionEvaluationDeltaLoggingListener : Condition evaluation unchanged
2026-04-04T22:22:21.946-03:00  INFO 18192 --- [gestao-custos] [   File Watcher] rtingClassPathChangeChangedEventListener : Restarting due to 1 class path change (0 additions, 0 deletions, 1 modification)
2026-04-04T22:22:21.948-03:00  INFO 18192 --- [gestao-custos] [      Thread-14] o.s.boot.tomcat.GracefulShutdown         : Commencing graceful shutdown. Waiting for active requests to complete
2026-04-04T22:22:21.951-03:00  INFO 18192 --- [gestao-custos] [tomcat-shutdown] o.s.boot.tomcat.GracefulShutdown         : Graceful shutdown complete
2026-04-04T22:22:21.953-03:00  INFO 18192 --- [gestao-custos] [      Thread-14] j.LocalContainerEntityManagerFactoryBean : Closing JPA EntityManagerFactory for persistence unit 'default'
2026-04-04T22:22:21.954-03:00  WARN 18192 --- [gestao-custos] [      Thread-14] o.s.b.f.support.DisposableBeanAdapter    : Invocation of destroy method failed on bean with name 'inMemoryDatabaseShutdownExecutor': org.h2.jdbc.JdbcSQLNonTransientConnectionException: Database is already closed (to disable automatic closing at VM shutdown, add ";DB_CLOSE_ON_EXIT=FALSE" to the db URL) [90121-240]
2026-04-04T22:22:21.954-03:00  INFO 18192 --- [gestao-custos] [      Thread-14] com.zaxxer.hikari.HikariDataSource       : HikariPool-4 - Shutdown initiated...
2026-04-04T22:22:21.955-03:00  INFO 18192 --- [gestao-custos] [      Thread-14] com.zaxxer.hikari.HikariDataSource       : HikariPool-4 - Shutdown completed.

  .   ____          _            __ _ _
 /\\ / ___'_ __ _ _(_)_ __  __ _ \ \ \ \
( ( )\___ | '_ | '_| | '_ \/ _` | \ \ \ \
 \\/  ___)| |_)| | | | | || (_| |  ) ) ) )
  '  |____| .__|_| |_|_| |_\__, | / / / /
 =========|_|==============|___/=/_/_/_/

 :: Spring Boot ::                (v4.0.5)

2026-04-04T22:22:22.053-03:00  INFO 18192 --- [gestao-custos] [  restartedMain] b.c.j.g.GestaoCustosApplication          : Starting GestaoCustosApplication using Java 25.0.2 with PID 18192 (C:\Users\costa\OneDrive\Documentos\projetos em Spring\gestao-custos\target\classes started by Alisson in C:\Users\costa\OneDrive\Documentos\projetos em Spring\gestao-custos)
2026-04-04T22:22:22.054-03:00  INFO 18192 --- [gestao-custos] [  restartedMain] b.c.j.g.GestaoCustosApplication          : No active profile set, falling back to 1 default profile: "default"
2026-04-04T22:22:22.285-03:00  INFO 18192 --- [gestao-custos] [  restartedMain] .s.d.r.c.RepositoryConfigurationDelegate : Bootstrapping Spring Data JPA repositories in DEFAULT mode.
2026-04-04T22:22:22.288-03:00  INFO 18192 --- [gestao-custos] [  restartedMain] .s.d.r.c.RepositoryConfigurationDelegate : Finished Spring Data repository scanning in 1 ms. Found 0 JPA repository interfaces.
2026-04-04T22:22:22.400-03:00  INFO 18192 --- [gestao-custos] [  restartedMain] o.s.boot.tomcat.TomcatWebServer          : Tomcat initialized with port 9090 (http)
2026-04-04T22:22:22.401-03:00  INFO 18192 --- [gestao-custos] [  restartedMain] o.apache.catalina.core.StandardService   : Starting service [Tomcat]
2026-04-04T22:22:22.401-03:00  INFO 18192 --- [gestao-custos] [  restartedMain] o.apache.catalina.core.StandardEngine    : Starting Servlet engine: [Apache Tomcat/11.0.20]
2026-04-04T22:22:22.429-03:00  INFO 18192 --- [gestao-custos] [  restartedMain] b.w.c.s.WebApplicationContextInitializer : Root WebApplicationContext: initialization completed in 372 ms
2026-04-04T22:22:22.473-03:00  INFO 18192 --- [gestao-custos] [  restartedMain] com.zaxxer.hikari.HikariDataSource       : HikariPool-5 - Starting...
2026-04-04T22:22:22.476-03:00  INFO 18192 --- [gestao-custos] [  restartedMain] com.zaxxer.hikari.pool.HikariPool        : HikariPool-5 - Added connection conn40: url=jdbc:h2:mem:668e5b0f-3fb3-4013-9f6b-e7d20beeea40 user=SA
2026-04-04T22:22:22.476-03:00  INFO 18192 --- [gestao-custos] [  restartedMain] com.zaxxer.hikari.HikariDataSource       : HikariPool-5 - Start completed.
2026-04-04T22:22:22.478-03:00  INFO 18192 --- [gestao-custos] [  restartedMain] org.hibernate.orm.jpa                    : HHH008540: Processing PersistenceUnitInfo [name: default]
2026-04-04T22:22:22.528-03:00  INFO 18192 --- [gestao-custos] [  restartedMain] o.s.o.j.p.SpringPersistenceUnitInfo      : No LoadTimeWeaver setup: ignoring JPA class transformer
2026-04-04T22:22:22.530-03:00  INFO 18192 --- [gestao-custos] [  restartedMain] org.hibernate.orm.connections.pooling    : HHH10001005: Database info:
	Database JDBC URL [jdbc:h2:mem:668e5b0f-3fb3-4013-9f6b-e7d20beeea40]
	Database driver: H2 JDBC Driver
	Database dialect: H2Dialect
	Database version: 2.4.240
	Default catalog/schema: 668E5B0F-3FB3-4013-9F6B-E7D20BEEEA40/PUBLIC
	Autocommit mode: undefined/unknown
	Isolation level: READ_COMMITTED [default READ_COMMITTED]
	JDBC fetch size: 100
	Pool: DataSourceConnectionProvider
	Minimum pool size: undefined/unknown
	Maximum pool size: undefined/unknown
2026-04-04T22:22:22.556-03:00  INFO 18192 --- [gestao-custos] [  restartedMain] org.hibernate.orm.core                   : HHH000489: No JTA platform available (set 'hibernate.transaction.jta.platform' to enable JTA platform integration)
2026-04-04T22:22:22.558-03:00  INFO 18192 --- [gestao-custos] [  restartedMain] j.LocalContainerEntityManagerFactoryBean : Initialized JPA EntityManagerFactory for persistence unit 'default'
2026-04-04T22:22:22.596-03:00  WARN 18192 --- [gestao-custos] [  restartedMain] JpaBaseConfiguration$JpaWebConfiguration : spring.jpa.open-in-view is enabled by default. Therefore, database queries may be performed during view rendering. Explicitly configure spring.jpa.open-in-view to disable this warning
2026-04-04T22:22:22.686-03:00  WARN 18192 --- [gestao-custos] [  restartedMain] o.s.b.d.a.OptionalLiveReloadServer       : Unable to start LiveReload server
2026-04-04T22:22:22.688-03:00  INFO 18192 --- [gestao-custos] [  restartedMain] o.s.b.h.a.H2ConsoleAutoConfiguration     : H2 console available at '/h2-console'. Database available at 'jdbc:h2:mem:668e5b0f-3fb3-4013-9f6b-e7d20beeea40'
2026-04-04T22:22:22.703-03:00  INFO 18192 --- [gestao-custos] [  restartedMain] o.s.boot.tomcat.TomcatWebServer          : Tomcat started on port 9090 (http) with context path '/'
2026-04-04T22:22:22.706-03:00  INFO 18192 --- [gestao-custos] [  restartedMain] b.c.j.g.GestaoCustosApplication          : Started GestaoCustosApplication in 0.688 seconds (process running for 50.771)
2026-04-04T22:22:22.707-03:00  INFO 18192 --- [gestao-custos] [  restartedMain] .ConditionEvaluationDeltaLoggingListener : Condition evaluation unchanged
